<?xml version="1.0" encoding="UTF-8"?>
<beans xmlns="http://www.springframework.org/schema/beans"
    xmlns:xsi="http://www.w3.org/2001/XMLSchema-instance" xmlns:jpa="http://www.springframework.org/schema/data/jpa"
    xsi:schemaLocation="http://www.springframework.org/schema/beans http://www.springframework.org/schema/beans/spring-beans.xsd
                        http://www.springframework.org/schema/data/jpa http://www.springframework.org/schema/data/jpa/spring-jpa-1.1.xsd">

    <import resource="test-infrastructure.xml" />

    <!-- <bean id="auditorAware" class="org.robbins.flashcards.auditing.AuditingAwareUser"
        scope="request" /> -->
    <bean id="auditorAware" class="org.robbins.flashcards.auditing.AuditingAwareUser" />

    <bean id="loggedInUser" class="org.robbins.flashcards.model.User"
        scope="prototype">
        <constructor-arg index="0" value="1" />
    </bean>

    <jpa:auditing auditor-aware-ref="auditorAware" />

    <jpa:repositories base-package="org.robbins.flashcards.repository" />

</beans>
