<?xml version="1.0" encoding="UTF-8"?>
<beans xmlns="http://www.springframework.org/schema/beans"
       xmlns:xsi="http://www.w3.org/2001/XMLSchema-instance"
       xmlns:context="http://www.springframework.org/schema/context"
       xmlns:jpa="http://www.springframework.org/schema/data/jpa"
       xsi:schemaLocation="http://www.springframework.org/schema/beans
               http://www.springframework.org/schema/beans/spring-beans.xsd
               http://www.springframework.org/schema/context http://www.springframework.org/schema/context/spring-context.xsd
               http://www.springframework.org/schema/data/jpa http://www.springframework.org/schema/data/jpa/spring-jpa-1.1.xsd">

    <import resource="classpath:META-INF/test-applicationContext-config.xml" />
    <import resource="classpath:META-INF/applicationContext-repository-jpa-commons.xml" />
    <import resource="classpath:META-INF/infrastructure.xml" />

    <bean id="loggedInUser" class="org.robbins.flashcards.dto.UserDto"
        scope="prototype">
        <constructor-arg index="0" value="1" />
    </bean>

    <context:component-scan base-package="org.robbins.flashcards.springdata.repository" />

    <jpa:auditing auditor-aware-ref="auditorAware" />

    <jpa:repositories base-package="org.robbins.flashcards.springdata.repository" />

</beans>
